0 info it worked if it ends with ok
1 verbose cli [ 'c:\\Program Files\\nodejs\\node.exe',
1 verbose cli   'c:\\Program Files\\nodejs\\node_modules\\npm\\bin\\npm-cli.js',
1 verbose cli   'update',
1 verbose cli   '-g',
1 verbose cli   'yo' ]
2 info using npm@1.4.23
3 info using node@v0.10.31
4 verbose request where is /yo
5 verbose request registry https://registry.npmjs.org/
6 verbose request id 85a4f12396ec8ce2
7 verbose url raw /yo
8 verbose url resolving [ 'https://registry.npmjs.org/', './yo' ]
9 verbose url resolved https://registry.npmjs.org/yo
10 verbose request where is https://registry.npmjs.org/yo
11 info trying registry request attempt 1 at 00:04:42
12 verbose etag "7VFIWKR5LYP6DDUGACEFQSXVO"
13 http GET https://registry.npmjs.org/yo
14 http 200 https://registry.npmjs.org/yo
15 silly registry.get cb [ 200,
15 silly registry.get   { date: 'Fri, 23 Jan 2015 16:04:36 GMT',
15 silly registry.get     server: 'CouchDB/1.5.0 (Erlang OTP/R16B03)',
15 silly registry.get     etag: '"DR2ST8BEHBL9DYV1VEVE2QSAV"',
15 silly registry.get     'content-type': 'application/json',
15 silly registry.get     'cache-control': 'max-age=60',
15 silly registry.get     'content-length': '25930',
15 silly registry.get     'accept-ranges': 'bytes',
15 silly registry.get     via: '1.1 varnish',
15 silly registry.get     age: '0',
15 silly registry.get     'x-served-by': 'cache-ty66-TYO',
15 silly registry.get     'x-cache': 'HIT',
15 silly registry.get     'x-cache-hits': '1',
15 silly registry.get     'x-timer': 'S1422029075.664663,VS0,VE472',
15 silly registry.get     vary: 'Accept',
15 silly registry.get     'keep-alive': 'timeout=10, max=50',
15 silly registry.get     connection: 'Keep-Alive' } ]
16 info outdated updating [ [ 'C:\\Users\\Administrator\\AppData\\Roaming\\npm',
16 info outdated     'yo',
16 info outdated     '1.2.1',
16 info outdated     '1.4.4',
16 info outdated     '1.4.4',
16 info outdated     'latest' ] ]
17 verbose install where,what [ 'C:\\Users\\Administrator\\AppData\\Roaming\\npm',
17 verbose install   [ 'yo@1.4.4' ] ]
18 verbose cache add [ 'yo@1.4.4', null ]
19 verbose cache add name=undefined spec="yo@1.4.4" args=["yo@1.4.4",null]
20 verbose parsed url { protocol: null,
20 verbose parsed url   slashes: null,
20 verbose parsed url   auth: null,
20 verbose parsed url   host: null,
20 verbose parsed url   port: null,
20 verbose parsed url   hostname: null,
20 verbose parsed url   hash: null,
20 verbose parsed url   search: null,
20 verbose parsed url   query: null,
20 verbose parsed url   pathname: 'yo@1.4.4',
20 verbose parsed url   path: 'yo@1.4.4',
20 verbose parsed url   href: 'yo@1.4.4' }
21 verbose cache add name="yo" spec="1.4.4" args=["yo","1.4.4"]
22 verbose parsed url { protocol: null,
22 verbose parsed url   slashes: null,
22 verbose parsed url   auth: null,
22 verbose parsed url   host: null,
22 verbose parsed url   port: null,
22 verbose parsed url   hostname: null,
22 verbose parsed url   hash: null,
22 verbose parsed url   search: null,
22 verbose parsed url   query: null,
22 verbose parsed url   pathname: '1.4.4',
22 verbose parsed url   path: '1.4.4',
22 verbose parsed url   href: '1.4.4' }
23 verbose addNamed [ 'yo', '1.4.4' ]
24 verbose addNamed [ '1.4.4', '1.4.4' ]
25 silly lockFile 905ded93-yo-1-4-4 yo@1.4.4
26 verbose lock yo@1.4.4 C:\Users\Administrator\AppData\Roaming\npm-cache\905ded93-yo-1-4-4.lock
27 verbose request where is /yo
28 verbose request registry https://registry.npmjs.org/
29 verbose url raw /yo
30 verbose url resolving [ 'https://registry.npmjs.org/', './yo' ]
31 verbose url resolved https://registry.npmjs.org/yo
32 verbose request where is https://registry.npmjs.org/yo
33 info trying registry request attempt 1 at 00:05:39
34 verbose etag "DR2ST8BEHBL9DYV1VEVE2QSAV"
35 http GET https://registry.npmjs.org/yo
36 http 304 https://registry.npmjs.org/yo
37 silly registry.get cb [ 304,
37 silly registry.get   { date: 'Fri, 23 Jan 2015 16:05:33 GMT',
37 silly registry.get     server: 'Apache',
37 silly registry.get     via: '1.1 varnish',
37 silly registry.get     'last-modified': 'Fri, 23 Jan 2015 16:05:33 GMT',
37 silly registry.get     'cache-control': 'max-age=60',
37 silly registry.get     etag: '"DR2ST8BEHBL9DYV1VEVE2QSAV"',
37 silly registry.get     age: '57',
37 silly registry.get     'x-served-by': 'cache-ty68-TYO',
37 silly registry.get     'x-cache': 'HIT',
37 silly registry.get     'x-cache-hits': '1',
37 silly registry.get     'x-timer': 'S1422029133.201364,VS0,VE0',
37 silly registry.get     vary: 'Accept',
37 silly registry.get     'content-length': '0',
37 silly registry.get     'keep-alive': 'timeout=10, max=50',
37 silly registry.get     connection: 'Keep-Alive' } ]
38 verbose etag https://registry.npmjs.org/yo from cache
39 silly lockFile beaac3e7-gistry-npmjs-org-yo-yo-1-4-4-tgz https://registry.npmjs.org/yo/-/yo-1.4.4.tgz
40 verbose lock https://registry.npmjs.org/yo/-/yo-1.4.4.tgz C:\Users\Administrator\AppData\Roaming\npm-cache\beaac3e7-gistry-npmjs-org-yo-yo-1-4-4-tgz.lock
41 verbose addRemoteTarball [ 'https://registry.npmjs.org/yo/-/yo-1.4.4.tgz',
41 verbose addRemoteTarball   '333d2132e7da55c23a2490eb01fee2d267d374e0' ]
42 info retry fetch attempt 1 at 00:05:40
43 verbose fetch to= C:\Users\ADMINI~1\AppData\Local\Temp\npm-7376-xZtPsINd\registry.npmjs.org\yo\-\yo-1.4.4.tgz
44 http GET https://registry.npmjs.org/yo/-/yo-1.4.4.tgz
45 http 200 https://registry.npmjs.org/yo/-/yo-1.4.4.tgz
46 silly lockFile beaac3e7-gistry-npmjs-org-yo-yo-1-4-4-tgz https://registry.npmjs.org/yo/-/yo-1.4.4.tgz
47 silly lockFile beaac3e7-gistry-npmjs-org-yo-yo-1-4-4-tgz https://registry.npmjs.org/yo/-/yo-1.4.4.tgz
48 silly lockFile 905ded93-yo-1-4-4 yo@1.4.4
49 silly lockFile 905ded93-yo-1-4-4 yo@1.4.4
50 silly resolved [ { name: 'yo',
50 silly resolved     version: '1.4.4',
50 silly resolved     description: 'CLI tool for running Yeoman generators',
50 silly resolved     license: 'BSD',
50 silly resolved     bin: { yo: 'lib/cli.js' },
50 silly resolved     author: { name: 'Yeoman team' },
50 silly resolved     repository: { type: 'git', url: 'https://github.com/yeoman/yo' },
50 silly resolved     engines: { node: '>=0.10.0', npm: '>=2.1.0' },
50 silly resolved     scripts:
50 silly resolved      { test: 'jshint . && mocha test/**/*.js',
50 silly resolved        postinstall: 'yodoctor',
50 silly resolved        postupdate: 'yodoctor',
50 silly resolved        prepublish: 'nsp audit-package' },
50 silly resolved     files: [ 'lib' ],
50 silly resolved     keywords:
50 silly resolved      [ 'cli-app',
50 silly resolved        'cli',
50 silly resolved        'bin',
50 silly resolved        'front-end',
50 silly resolved        'development',
50 silly resolved        'dev',
50 silly resolved        'build',
50 silly resolved        'web',
50 silly resolved        'tool',
50 silly resolved        'scaffold',
50 silly resolved        'stack',
50 silly resolved        'yeoman',
50 silly resolved        'generator',
50 silly resolved        'generate',
50 silly resolved        'app',
50 silly resolved        'boilerplate' ],
50 silly resolved     dependencies:
50 silly resolved      { 'array-uniq': '^1.0.2',
50 silly resolved        async: '^0.9.0',
50 silly resolved        chalk: '^0.5.1',
50 silly resolved        configstore: '^0.3.1',
50 silly resolved        'cross-spawn': '^0.2.3',
50 silly resolved        figures: '^1.3.5',
50 silly resolved        findup: '^0.1.5',
50 silly resolved        fullname: '^1.0.0',
50 silly resolved        'humanize-string': '^1.0.0',
50 silly resolved        inquirer: '^0.8.0',
50 silly resolved        insight: '^0.5.0',
50 silly resolved        lodash: '^2.4.1',
50 silly resolved        meow: '^2.0.0',
50 silly resolved        'npm-keyword': '^1.0.1',
50 silly resolved        opn: '^1.0.0',
50 silly resolved        'package-json': '^1.0.1',
50 silly resolved        'root-check': '^1.0.0',
50 silly resolved        'sort-on': '^1.0.0',
50 silly resolved        'string-length': '^1.0.0',
50 silly resolved        titleize: '^1.0.0',
50 silly resolved        'update-notifier': '^0.3.0',
50 silly resolved        'user-home': '^1.1.0',
50 silly resolved        'yeoman-character': '^1.0.0',
50 silly resolved        'yeoman-doctor': '^1.0.0',
50 silly resolved        'yeoman-environment': '^1.0.1',
50 silly resolved        yosay: '^1.0.0' },
50 silly resolved     devDependencies:
50 silly resolved      { jshint: '^2.5.11',
50 silly resolved        mocha: '^2.1.0',
50 silly resolved        mockery: '^1.4.0',
50 silly resolved        nock: '^0.56.0',
50 silly resolved        nsp: '*',
50 silly resolved        proxyquire: '^1.0.1',
50 silly resolved        'registry-url': '^2.1.0',
50 silly resolved        sinon: '^1.12.1' },
50 silly resolved     engineStrict: true,
50 silly resolved     preferGlobal: true,
50 silly resolved     gitHead: '5059320eb26a6efa754acf7306ee49cc0fa172db',
50 silly resolved     bugs: { url: 'https://github.com/yeoman/yo/issues' },
50 silly resolved     homepage: 'https://github.com/yeoman/yo',
50 silly resolved     _id: 'yo@1.4.4',
50 silly resolved     _shasum: '333d2132e7da55c23a2490eb01fee2d267d374e0',
50 silly resolved     _from: 'yo@1.4.4',
50 silly resolved     _npmVersion: '1.4.28',
50 silly resolved     _npmUser: { name: 'sindresorhus', email: 'sindresorhus@gmail.com' },
50 silly resolved     maintainers: [ [Object], [Object], [Object], [Object], [Object], [Object] ],
50 silly resolved     dist:
50 silly resolved      { shasum: '333d2132e7da55c23a2490eb01fee2d267d374e0',
50 silly resolved        tarball: 'http://registry.npmjs.org/yo/-/yo-1.4.4.tgz' },
50 silly resolved     directories: {},
50 silly resolved     _resolved: 'https://registry.npmjs.org/yo/-/yo-1.4.4.tgz' } ]
51 info install yo@1.4.4 into C:\Users\Administrator\AppData\Roaming\npm
52 info installOne yo@1.4.4
53 error notsup Unsupported
53 error notsup Not compatible with your version of node/npm: yo@1.4.4
53 error notsup Required: {"node":">=0.10.0","npm":">=2.1.0"}
53 error notsup Actual:   {"npm":"1.4.23","node":"0.10.31"}
54 error System Windows_NT 6.1.7601
55 error command "c:\\Program Files\\nodejs\\node.exe" "c:\\Program Files\\nodejs\\node_modules\\npm\\bin\\npm-cli.js" "update" "-g" "yo"
56 error cwd d:\git\pi-camera
57 error node -v v0.10.31
58 error npm -v 1.4.23
59 error code ENOTSUP
60 verbose exit [ 1, true ]
